05-Sep-2023 13:25:56.335 INFO [main] org.apache.catalina.startup.VersionLoggerListener.log Server version name:   Apache Tomcat/9.0.71
05-Sep-2023 13:25:56.337 INFO [main] org.apache.catalina.startup.VersionLoggerListener.log Server built:          Jan 9 2023 22:33:01 UTC
05-Sep-2023 13:25:56.337 INFO [main] org.apache.catalina.startup.VersionLoggerListener.log Server version number: 9.0.71.0
05-Sep-2023 13:25:56.337 INFO [main] org.apache.catalina.startup.VersionLoggerListener.log OS Name:               Windows 10
05-Sep-2023 13:25:56.337 INFO [main] org.apache.catalina.startup.VersionLoggerListener.log OS Version:            10.0
05-Sep-2023 13:25:56.337 INFO [main] org.apache.catalina.startup.VersionLoggerListener.log Architecture:          amd64
05-Sep-2023 13:25:56.337 INFO [main] org.apache.catalina.startup.VersionLoggerListener.log Java Home:             C:\Program Files\Java\jdk1.8.0_202\jre
05-Sep-2023 13:25:56.337 INFO [main] org.apache.catalina.startup.VersionLoggerListener.log JVM Version:           1.8.0_202-b08
05-Sep-2023 13:25:56.337 INFO [main] org.apache.catalina.startup.VersionLoggerListener.log JVM Vendor:            Oracle Corporation
05-Sep-2023 13:25:56.337 INFO [main] org.apache.catalina.startup.VersionLoggerListener.log CATALINA_BASE:         D:\STUDY\CODEGYM\TOMCAT 9\apache-tomcat-9.0.71
05-Sep-2023 13:25:56.337 INFO [main] org.apache.catalina.startup.VersionLoggerListener.log CATALINA_HOME:         D:\STUDY\CODEGYM\TOMCAT 9\apache-tomcat-9.0.71
05-Sep-2023 13:25:56.341 INFO [main] org.apache.catalina.startup.VersionLoggerListener.log Command line argument: -Djava.util.logging.config.file=D:\STUDY\CODEGYM\TOMCAT 9\apache-tomcat-9.0.71\conf\logging.properties
05-Sep-2023 13:25:56.341 INFO [main] org.apache.catalina.startup.VersionLoggerListener.log Command line argument: -Djava.util.logging.manager=org.apache.juli.ClassLoaderLogManager
05-Sep-2023 13:25:56.341 INFO [main] org.apache.catalina.startup.VersionLoggerListener.log Command line argument: -Dhttp.nonProxyHosts=localhost|127.0.0.1|QUANG-TRIEU
05-Sep-2023 13:25:56.341 INFO [main] org.apache.catalina.startup.VersionLoggerListener.log Command line argument: -Djdk.tls.ephemeralDHKeySize=2048
05-Sep-2023 13:25:56.341 INFO [main] org.apache.catalina.startup.VersionLoggerListener.log Command line argument: -Djava.protocol.handler.pkgs=org.apache.catalina.webresources
05-Sep-2023 13:25:56.341 INFO [main] org.apache.catalina.startup.VersionLoggerListener.log Command line argument: -Dignore.endorsed.dirs=
05-Sep-2023 13:25:56.341 INFO [main] org.apache.catalina.startup.VersionLoggerListener.log Command line argument: -Dcatalina.base=D:\STUDY\CODEGYM\TOMCAT 9\apache-tomcat-9.0.71
05-Sep-2023 13:25:56.341 INFO [main] org.apache.catalina.startup.VersionLoggerListener.log Command line argument: -Dcatalina.home=D:\STUDY\CODEGYM\TOMCAT 9\apache-tomcat-9.0.71
05-Sep-2023 13:25:56.341 INFO [main] org.apache.catalina.startup.VersionLoggerListener.log Command line argument: -Djava.io.tmpdir=D:\STUDY\CODEGYM\TOMCAT 9\apache-tomcat-9.0.71\temp
05-Sep-2023 13:25:56.350 INFO [main] org.apache.catalina.core.AprLifecycleListener.lifecycleEvent The Apache Tomcat Native library which allows using OpenSSL was not found on the java.library.path: [C:\Program Files\Java\jdk1.8.0_202\bin;C:\WINDOWS\Sun\Java\bin;C:\WINDOWS\system32;C:\WINDOWS;C:\Program Files (x86)\Common Files\Oracle\Java\javapath;C:\ProgramData\Oracle\Java\javapath;C:\Program Files\Microsoft MPI\Bin\;D:\bin\;C:\Program Files (x86)\VMware\VMware Workstation\bin\;C:\Windows\system32;C:\Windows;C:\Windows\System32\Wbem;C:\Windows\System32\WindowsPowerShell\v1.0\;C:\Windows\System32\OpenSSH\;C:\Program Files (x86)\NVIDIA Corporation\PhysX\Common;C:\Program Files\NVIDIA Corporation\NVIDIA NvDLISR;C:\WINDOWS\system32;C:\WINDOWS;C:\WINDOWS\System32\Wbem;C:\WINDOWS\System32\WindowsPowerShell\v1.0\;C:\WINDOWS\System32\OpenSSH\;C:\MinGW\bin;C:\Program Files\Microsoft SQL Server\Client SDK\ODBC\170\Tools\Binn\;C:\Program Files (x86)\Microsoft SQL Server\150\Tools\Binn\;C:\Program Files\Microsoft SQL Server\150\Tools\Binn\;C:\Program Files\Microsoft SQL Server\150\DTS\Binn\;C:\Program Files\Azure Data Studio\bin;C:\Program Files (x86)\Microsoft SQL Server\160\DTS\Binn\;D:\Git\cmd;C:\Program Files\MySQL\MySQL Shell 8.0\bin\;C:\Users\ADMIN\AppData\Local\Microsoft\WindowsApps;C:\Users\ADMIN\AppData\Local\Programs\Microsoft VS Code\bin;;C:\Program Files\Azure Data Studio\bin;.]
05-Sep-2023 13:25:56.699 INFO [main] org.apache.coyote.AbstractProtocol.init Initializing ProtocolHandler ["http-nio-8080"]
05-Sep-2023 13:25:56.721 INFO [main] org.apache.catalina.startup.Catalina.load Server initialization in [566] milliseconds
05-Sep-2023 13:25:56.754 INFO [main] org.apache.catalina.core.StandardService.startInternal Starting service [Catalina]
05-Sep-2023 13:25:56.754 INFO [main] org.apache.catalina.core.StandardEngine.startInternal Starting Servlet engine: [Apache Tomcat/9.0.71]
05-Sep-2023 13:25:56.763 INFO [main] org.apache.catalina.startup.HostConfig.deployDirectory Deploying web application directory [D:\STUDY\CODEGYM\TOMCAT 9\apache-tomcat-9.0.71\webapps\docs]
05-Sep-2023 13:25:57.113 WARNING [main] org.apache.catalina.util.SessionIdGeneratorBase.createSecureRandom Creation of SecureRandom instance for session ID generation using [SHA1PRNG] took [125] milliseconds.
05-Sep-2023 13:25:57.133 INFO [main] org.apache.catalina.startup.HostConfig.deployDirectory Deployment of web application directory [D:\STUDY\CODEGYM\TOMCAT 9\apache-tomcat-9.0.71\webapps\docs] has finished in [369] ms
05-Sep-2023 13:25:57.133 INFO [main] org.apache.catalina.startup.HostConfig.deployDirectory Deploying web application directory [D:\STUDY\CODEGYM\TOMCAT 9\apache-tomcat-9.0.71\webapps\examples]
05-Sep-2023 13:25:57.758 INFO [main] org.apache.catalina.startup.HostConfig.deployDirectory Deployment of web application directory [D:\STUDY\CODEGYM\TOMCAT 9\apache-tomcat-9.0.71\webapps\examples] has finished in [625] ms
05-Sep-2023 13:25:57.758 INFO [main] org.apache.catalina.startup.HostConfig.deployDirectory Deploying web application directory [D:\STUDY\CODEGYM\TOMCAT 9\apache-tomcat-9.0.71\webapps\Gradle___com_example___dictionary_1_0_SNAPSHOT_war]
05-Sep-2023 13:25:57.788 INFO [main] org.apache.catalina.startup.HostConfig.deployDirectory Deployment of web application directory [D:\STUDY\CODEGYM\TOMCAT 9\apache-tomcat-9.0.71\webapps\Gradle___com_example___dictionary_1_0_SNAPSHOT_war] has finished in [30] ms
05-Sep-2023 13:25:57.789 INFO [main] org.apache.catalina.startup.HostConfig.deployDirectory Deploying web application directory [D:\STUDY\CODEGYM\TOMCAT 9\apache-tomcat-9.0.71\webapps\host-manager]
05-Sep-2023 13:25:57.811 INFO [main] org.apache.catalina.startup.HostConfig.deployDirectory Deployment of web application directory [D:\STUDY\CODEGYM\TOMCAT 9\apache-tomcat-9.0.71\webapps\host-manager] has finished in [22] ms
05-Sep-2023 13:25:57.811 INFO [main] org.apache.catalina.startup.HostConfig.deployDirectory Deploying web application directory [D:\STUDY\CODEGYM\TOMCAT 9\apache-tomcat-9.0.71\webapps\manager]
05-Sep-2023 13:25:57.835 INFO [main] org.apache.catalina.startup.HostConfig.deployDirectory Deployment of web application directory [D:\STUDY\CODEGYM\TOMCAT 9\apache-tomcat-9.0.71\webapps\manager] has finished in [24] ms
05-Sep-2023 13:25:57.835 INFO [main] org.apache.catalina.startup.HostConfig.deployDirectory Deploying web application directory [D:\STUDY\CODEGYM\TOMCAT 9\apache-tomcat-9.0.71\webapps\ROOT]
05-Sep-2023 13:25:58.652 WARNING [main] org.apache.tomcat.util.descriptor.web.WebXml.setVersion Unknown version string [5.0]. Default version will be used.
05-Sep-2023 13:26:00.112 INFO [main] org.apache.jasper.servlet.TldScanner.scanJars At least one JAR was scanned for TLDs yet contained no TLDs. Enable debug logging for this logger for a complete list of JARs that were scanned but no TLDs were found in them. Skipping unneeded JARs during scanning can improve startup time and JSP compilation time.
05-Sep-2023 13:26:01.150 INFO [main] org.hibernate.jpa.internal.util.LogHelper.logPersistenceUnitInformation HHH000204: Processing PersistenceUnitInfo [name: default]
05-Sep-2023 13:26:01.310 INFO [main] org.hibernate.Version.logVersion HHH000412: Hibernate Core {5.4.1.Final}
05-Sep-2023 13:26:01.557 INFO [main] org.hibernate.annotations.common.reflection.java.JavaReflectionManager.<clinit> HCANN000001: Hibernate Commons Annotations {5.1.0.Final}
05-Sep-2023 13:26:01.957 WARN [main] org.hibernate.engine.jdbc.env.internal.JdbcEnvironmentInitiator.initiateService HHH000342: Could not obtain connection to query metadata : Public Key Retrieval is not allowed
05-Sep-2023 13:26:01.977 INFO [main] org.hibernate.dialect.Dialect.<init> HHH000400: Using dialect: org.hibernate.dialect.MySQL5Dialect
05-Sep-2023 13:26:03.051 WARN [main] org.hibernate.engine.jdbc.spi.SqlExceptionHelper.logExceptions SQL Error: 0, SQLState: 08001
05-Sep-2023 13:26:03.052 ERROR [main] org.hibernate.engine.jdbc.spi.SqlExceptionHelper.logExceptions Public Key Retrieval is not allowed
05-Sep-2023 13:26:03.062 SEVERE [main] org.apache.catalina.core.StandardContext.startInternal One or more listeners failed to start. Full details will be found in the appropriate container log file
05-Sep-2023 13:26:03.063 SEVERE [main] org.apache.catalina.core.StandardContext.startInternal Context [] startup failed due to previous errors
05-Sep-2023 13:26:03.074 WARNING [main] org.apache.catalina.loader.WebappClassLoaderBase.clearReferencesJdbc The web application [ROOT] registered the JDBC driver [com.mysql.jdbc.Driver] but failed to unregister it when the web application was stopped. To prevent a memory leak, the JDBC Driver has been forcibly unregistered.
05-Sep-2023 13:26:03.075 WARNING [main] org.apache.catalina.loader.WebappClassLoaderBase.clearReferencesThreads The web application [ROOT] appears to have started a thread named [Abandoned connection cleanup thread] but has failed to stop it. This is very likely to create a memory leak. Stack trace of thread:
 java.lang.Object.wait(Native Method)
 java.lang.ref.ReferenceQueue.remove(ReferenceQueue.java:144)
 com.mysql.jdbc.AbandonedConnectionCleanupThread.run(AbandonedConnectionCleanupThread.java:64)
 java.util.concurrent.ThreadPoolExecutor.runWorker(ThreadPoolExecutor.java:1149)
 java.util.concurrent.ThreadPoolExecutor$Worker.run(ThreadPoolExecutor.java:624)
 java.lang.Thread.run(Thread.java:748)
05-Sep-2023 13:26:03.083 INFO [main] org.apache.catalina.startup.HostConfig.deployDirectory Deployment of web application directory [D:\STUDY\CODEGYM\TOMCAT 9\apache-tomcat-9.0.71\webapps\ROOT] has finished in [5,248] ms
05-Sep-2023 13:26:03.090 INFO [main] org.apache.coyote.AbstractProtocol.start Starting ProtocolHandler ["http-nio-8080"]
05-Sep-2023 13:26:03.123 INFO [main] org.apache.catalina.startup.Catalina.start Server startup in [6400] milliseconds
05-Sep-2023 13:26:06.072 INFO [Abandoned connection cleanup thread] org.apache.catalina.loader.WebappClassLoaderBase.checkStateForResourceLoading Illegal access: this web application instance has been stopped already. Could not load []. The following stack trace is thrown for debugging purposes as well as to attempt to terminate the thread which caused the illegal access.
	java.lang.IllegalStateException: Illegal access: this web application instance has been stopped already. Could not load []. The following stack trace is thrown for debugging purposes as well as to attempt to terminate the thread which caused the illegal access.
		at org.apache.catalina.loader.WebappClassLoaderBase.checkStateForResourceLoading(WebappClassLoaderBase.java:1432)
		at org.apache.catalina.loader.WebappClassLoaderBase.getResource(WebappClassLoaderBase.java:1057)
		at com.mysql.jdbc.AbandonedConnectionCleanupThread.checkContextClassLoaders(AbandonedConnectionCleanupThread.java:90)
		at com.mysql.jdbc.AbandonedConnectionCleanupThread.run(AbandonedConnectionCleanupThread.java:63)
		at java.util.concurrent.ThreadPoolExecutor.runWorker(ThreadPoolExecutor.java:1149)
		at java.util.concurrent.ThreadPoolExecutor$Worker.run(ThreadPoolExecutor.java:624)
		at java.lang.Thread.run(Thread.java:748)
05-Sep-2023 13:26:47.437 WARNING [http-nio-8080-exec-7] org.apache.catalina.realm.LockOutRealm.filterLockedAccounts An attempt was made to authenticate the locked user []
05-Sep-2023 13:26:53.773 WARNING [http-nio-8080-exec-1] org.apache.catalina.realm.LockOutRealm.filterLockedAccounts An attempt was made to authenticate the locked user []
05-Sep-2023 13:27:02.323 WARNING [http-nio-8080-exec-6] org.apache.catalina.realm.LockOutRealm.filterLockedAccounts An attempt was made to authenticate the locked user [de160447]
05-Sep-2023 13:27:03.268 WARNING [http-nio-8080-exec-8] org.apache.catalina.realm.LockOutRealm.filterLockedAccounts An attempt was made to authenticate the locked user []
05-Sep-2023 13:27:03.272 WARNING [http-nio-8080-exec-9] org.apache.catalina.realm.LockOutRealm.filterLockedAccounts An attempt was made to authenticate the locked user []
05-Sep-2023 13:27:42.812 WARNING [http-nio-8080-exec-3] org.apache.catalina.realm.LockOutRealm.filterLockedAccounts An attempt was made to authenticate the locked user [de160447]
05-Sep-2023 13:27:43.772 WARNING [http-nio-8080-exec-5] org.apache.catalina.realm.LockOutRealm.filterLockedAccounts An attempt was made to authenticate the locked user [de160447]
05-Sep-2023 13:28:13.083 WARNING [http-nio-8080-exec-2] org.apache.catalina.realm.LockOutRealm.filterLockedAccounts An attempt was made to authenticate the locked user [de160447]
05-Sep-2023 13:28:13.715 WARNING [http-nio-8080-exec-3] org.apache.catalina.realm.LockOutRealm.filterLockedAccounts An attempt was made to authenticate the locked user [de160447]
05-Sep-2023 13:28:14.896 INFO [main] org.apache.catalina.core.StandardServer.await A valid shutdown command was received via the shutdown port. Stopping the Server instance.
05-Sep-2023 13:28:14.897 INFO [main] org.apache.coyote.AbstractProtocol.pause Pausing ProtocolHandler ["http-nio-8080"]
05-Sep-2023 13:28:15.004 INFO [main] org.apache.catalina.core.StandardService.stopInternal Stopping service [Catalina]
05-Sep-2023 13:28:15.017 INFO [main] org.apache.coyote.AbstractProtocol.stop Stopping ProtocolHandler ["http-nio-8080"]
05-Sep-2023 13:28:15.043 INFO [main] org.apache.coyote.AbstractProtocol.destroy Destroying ProtocolHandler ["http-nio-8080"]
05-Sep-2023 13:29:04.671 INFO [main] org.apache.catalina.startup.VersionLoggerListener.log Server version name:   Apache Tomcat/9.0.71
05-Sep-2023 13:29:04.673 INFO [main] org.apache.catalina.startup.VersionLoggerListener.log Server built:          Jan 9 2023 22:33:01 UTC
05-Sep-2023 13:29:04.673 INFO [main] org.apache.catalina.startup.VersionLoggerListener.log Server version number: 9.0.71.0
05-Sep-2023 13:29:04.673 INFO [main] org.apache.catalina.startup.VersionLoggerListener.log OS Name:               Windows 10
05-Sep-2023 13:29:04.673 INFO [main] org.apache.catalina.startup.VersionLoggerListener.log OS Version:            10.0
05-Sep-2023 13:29:04.673 INFO [main] org.apache.catalina.startup.VersionLoggerListener.log Architecture:          amd64
05-Sep-2023 13:29:04.673 INFO [main] org.apache.catalina.startup.VersionLoggerListener.log Java Home:             C:\Program Files\Java\jdk1.8.0_202\jre
05-Sep-2023 13:29:04.673 INFO [main] org.apache.catalina.startup.VersionLoggerListener.log JVM Version:           1.8.0_202-b08
05-Sep-2023 13:29:04.673 INFO [main] org.apache.catalina.startup.VersionLoggerListener.log JVM Vendor:            Oracle Corporation
05-Sep-2023 13:29:04.673 INFO [main] org.apache.catalina.startup.VersionLoggerListener.log CATALINA_BASE:         D:\STUDY\CODEGYM\TOMCAT 9\apache-tomcat-9.0.71
05-Sep-2023 13:29:04.673 INFO [main] org.apache.catalina.startup.VersionLoggerListener.log CATALINA_HOME:         D:\STUDY\CODEGYM\TOMCAT 9\apache-tomcat-9.0.71
05-Sep-2023 13:29:04.675 INFO [main] org.apache.catalina.startup.VersionLoggerListener.log Command line argument: -Djava.util.logging.config.file=D:\STUDY\CODEGYM\TOMCAT 9\apache-tomcat-9.0.71\conf\logging.properties
05-Sep-2023 13:29:04.675 INFO [main] org.apache.catalina.startup.VersionLoggerListener.log Command line argument: -Djava.util.logging.manager=org.apache.juli.ClassLoaderLogManager
05-Sep-2023 13:29:04.675 INFO [main] org.apache.catalina.startup.VersionLoggerListener.log Command line argument: -Dhttp.nonProxyHosts=localhost|127.0.0.1|QUANG-TRIEU
05-Sep-2023 13:29:04.675 INFO [main] org.apache.catalina.startup.VersionLoggerListener.log Command line argument: -Djdk.tls.ephemeralDHKeySize=2048
05-Sep-2023 13:29:04.675 INFO [main] org.apache.catalina.startup.VersionLoggerListener.log Command line argument: -Djava.protocol.handler.pkgs=org.apache.catalina.webresources
05-Sep-2023 13:29:04.675 INFO [main] org.apache.catalina.startup.VersionLoggerListener.log Command line argument: -Dignore.endorsed.dirs=
05-Sep-2023 13:29:04.675 INFO [main] org.apache.catalina.startup.VersionLoggerListener.log Command line argument: -Dcatalina.base=D:\STUDY\CODEGYM\TOMCAT 9\apache-tomcat-9.0.71
05-Sep-2023 13:29:04.675 INFO [main] org.apache.catalina.startup.VersionLoggerListener.log Command line argument: -Dcatalina.home=D:\STUDY\CODEGYM\TOMCAT 9\apache-tomcat-9.0.71
05-Sep-2023 13:29:04.675 INFO [main] org.apache.catalina.startup.VersionLoggerListener.log Command line argument: -Djava.io.tmpdir=D:\STUDY\CODEGYM\TOMCAT 9\apache-tomcat-9.0.71\temp
05-Sep-2023 13:29:04.681 INFO [main] org.apache.catalina.core.AprLifecycleListener.lifecycleEvent The Apache Tomcat Native library which allows using OpenSSL was not found on the java.library.path: [C:\Program Files\Java\jdk1.8.0_202\bin;C:\WINDOWS\Sun\Java\bin;C:\WINDOWS\system32;C:\WINDOWS;C:\Program Files (x86)\Common Files\Oracle\Java\javapath;C:\ProgramData\Oracle\Java\javapath;C:\Program Files\Microsoft MPI\Bin\;D:\bin\;C:\Program Files (x86)\VMware\VMware Workstation\bin\;C:\Windows\system32;C:\Windows;C:\Windows\System32\Wbem;C:\Windows\System32\WindowsPowerShell\v1.0\;C:\Windows\System32\OpenSSH\;C:\Program Files (x86)\NVIDIA Corporation\PhysX\Common;C:\Program Files\NVIDIA Corporation\NVIDIA NvDLISR;C:\WINDOWS\system32;C:\WINDOWS;C:\WINDOWS\System32\Wbem;C:\WINDOWS\System32\WindowsPowerShell\v1.0\;C:\WINDOWS\System32\OpenSSH\;C:\MinGW\bin;C:\Program Files\Microsoft SQL Server\Client SDK\ODBC\170\Tools\Binn\;C:\Program Files (x86)\Microsoft SQL Server\150\Tools\Binn\;C:\Program Files\Microsoft SQL Server\150\Tools\Binn\;C:\Program Files\Microsoft SQL Server\150\DTS\Binn\;C:\Program Files\Azure Data Studio\bin;C:\Program Files (x86)\Microsoft SQL Server\160\DTS\Binn\;D:\Git\cmd;C:\Program Files\MySQL\MySQL Shell 8.0\bin\;C:\Users\ADMIN\AppData\Local\Microsoft\WindowsApps;C:\Users\ADMIN\AppData\Local\Programs\Microsoft VS Code\bin;;C:\Program Files\Azure Data Studio\bin;.]
05-Sep-2023 13:29:04.994 INFO [main] org.apache.coyote.AbstractProtocol.init Initializing ProtocolHandler ["http-nio-8080"]
05-Sep-2023 13:29:05.008 INFO [main] org.apache.catalina.startup.Catalina.load Server initialization in [466] milliseconds
05-Sep-2023 13:29:05.030 INFO [main] org.apache.catalina.core.StandardService.startInternal Starting service [Catalina]
05-Sep-2023 13:29:05.030 INFO [main] org.apache.catalina.core.StandardEngine.startInternal Starting Servlet engine: [Apache Tomcat/9.0.71]
05-Sep-2023 13:29:05.037 INFO [main] org.apache.catalina.startup.HostConfig.deployDirectory Deploying web application directory [D:\STUDY\CODEGYM\TOMCAT 9\apache-tomcat-9.0.71\webapps\docs]
05-Sep-2023 13:29:05.352 WARNING [main] org.apache.catalina.util.SessionIdGeneratorBase.createSecureRandom Creation of SecureRandom instance for session ID generation using [SHA1PRNG] took [122] milliseconds.
05-Sep-2023 13:29:05.366 INFO [main] org.apache.catalina.startup.HostConfig.deployDirectory Deployment of web application directory [D:\STUDY\CODEGYM\TOMCAT 9\apache-tomcat-9.0.71\webapps\docs] has finished in [329] ms
05-Sep-2023 13:29:05.366 INFO [main] org.apache.catalina.startup.HostConfig.deployDirectory Deploying web application directory [D:\STUDY\CODEGYM\TOMCAT 9\apache-tomcat-9.0.71\webapps\examples]
05-Sep-2023 13:29:05.647 INFO [main] org.apache.catalina.startup.HostConfig.deployDirectory Deployment of web application directory [D:\STUDY\CODEGYM\TOMCAT 9\apache-tomcat-9.0.71\webapps\examples] has finished in [280] ms
05-Sep-2023 13:29:05.647 INFO [main] org.apache.catalina.startup.HostConfig.deployDirectory Deploying web application directory [D:\STUDY\CODEGYM\TOMCAT 9\apache-tomcat-9.0.71\webapps\Gradle___com_example___dictionary_1_0_SNAPSHOT_war]
05-Sep-2023 13:29:05.688 INFO [main] org.apache.catalina.startup.HostConfig.deployDirectory Deployment of web application directory [D:\STUDY\CODEGYM\TOMCAT 9\apache-tomcat-9.0.71\webapps\Gradle___com_example___dictionary_1_0_SNAPSHOT_war] has finished in [41] ms
05-Sep-2023 13:29:05.688 INFO [main] org.apache.catalina.startup.HostConfig.deployDirectory Deploying web application directory [D:\STUDY\CODEGYM\TOMCAT 9\apache-tomcat-9.0.71\webapps\host-manager]
05-Sep-2023 13:29:05.729 INFO [main] org.apache.catalina.startup.HostConfig.deployDirectory Deployment of web application directory [D:\STUDY\CODEGYM\TOMCAT 9\apache-tomcat-9.0.71\webapps\host-manager] has finished in [40] ms
05-Sep-2023 13:29:05.729 INFO [main] org.apache.catalina.startup.HostConfig.deployDirectory Deploying web application directory [D:\STUDY\CODEGYM\TOMCAT 9\apache-tomcat-9.0.71\webapps\manager]
05-Sep-2023 13:29:05.757 INFO [main] org.apache.catalina.startup.HostConfig.deployDirectory Deployment of web application directory [D:\STUDY\CODEGYM\TOMCAT 9\apache-tomcat-9.0.71\webapps\manager] has finished in [27] ms
05-Sep-2023 13:29:05.757 INFO [main] org.apache.catalina.startup.HostConfig.deployDirectory Deploying web application directory [D:\STUDY\CODEGYM\TOMCAT 9\apache-tomcat-9.0.71\webapps\ROOT]
05-Sep-2023 13:29:05.830 WARNING [main] org.apache.tomcat.util.descriptor.web.WebXml.setVersion Unknown version string [5.0]. Default version will be used.
05-Sep-2023 13:29:07.064 INFO [main] org.apache.jasper.servlet.TldScanner.scanJars At least one JAR was scanned for TLDs yet contained no TLDs. Enable debug logging for this logger for a complete list of JARs that were scanned but no TLDs were found in them. Skipping unneeded JARs during scanning can improve startup time and JSP compilation time.
05-Sep-2023 13:29:08.086 INFO [main] org.hibernate.jpa.internal.util.LogHelper.logPersistenceUnitInformation HHH000204: Processing PersistenceUnitInfo [name: default]
05-Sep-2023 13:29:08.180 INFO [main] org.hibernate.Version.logVersion HHH000412: Hibernate Core {5.4.1.Final}
05-Sep-2023 13:29:08.392 INFO [main] org.hibernate.annotations.common.reflection.java.JavaReflectionManager.<clinit> HCANN000001: Hibernate Commons Annotations {5.1.0.Final}
05-Sep-2023 13:29:08.742 WARN [main] org.hibernate.engine.jdbc.env.internal.JdbcEnvironmentInitiator.initiateService HHH000342: Could not obtain connection to query metadata : Public Key Retrieval is not allowed
05-Sep-2023 13:29:08.759 INFO [main] org.hibernate.dialect.Dialect.<init> HHH000400: Using dialect: org.hibernate.dialect.MySQL5Dialect
05-Sep-2023 13:29:09.563 WARN [main] org.hibernate.engine.jdbc.spi.SqlExceptionHelper.logExceptions SQL Error: 0, SQLState: 08001
05-Sep-2023 13:29:09.563 ERROR [main] org.hibernate.engine.jdbc.spi.SqlExceptionHelper.logExceptions Public Key Retrieval is not allowed
05-Sep-2023 13:29:09.570 SEVERE [main] org.apache.catalina.core.StandardContext.startInternal One or more listeners failed to start. Full details will be found in the appropriate container log file
05-Sep-2023 13:29:09.570 SEVERE [main] org.apache.catalina.core.StandardContext.startInternal Context [] startup failed due to previous errors
05-Sep-2023 13:29:09.579 WARNING [main] org.apache.catalina.loader.WebappClassLoaderBase.clearReferencesJdbc The web application [ROOT] registered the JDBC driver [com.mysql.jdbc.Driver] but failed to unregister it when the web application was stopped. To prevent a memory leak, the JDBC Driver has been forcibly unregistered.
05-Sep-2023 13:29:09.580 WARNING [main] org.apache.catalina.loader.WebappClassLoaderBase.clearReferencesThreads The web application [ROOT] appears to have started a thread named [Abandoned connection cleanup thread] but has failed to stop it. This is very likely to create a memory leak. Stack trace of thread:
 java.lang.Object.wait(Native Method)
 java.lang.ref.ReferenceQueue.remove(ReferenceQueue.java:144)
 com.mysql.jdbc.AbandonedConnectionCleanupThread.run(AbandonedConnectionCleanupThread.java:64)
 java.util.concurrent.ThreadPoolExecutor.runWorker(ThreadPoolExecutor.java:1149)
 java.util.concurrent.ThreadPoolExecutor$Worker.run(ThreadPoolExecutor.java:624)
 java.lang.Thread.run(Thread.java:748)
05-Sep-2023 13:29:09.584 INFO [main] org.apache.catalina.startup.HostConfig.deployDirectory Deployment of web application directory [D:\STUDY\CODEGYM\TOMCAT 9\apache-tomcat-9.0.71\webapps\ROOT] has finished in [3,827] ms
05-Sep-2023 13:29:09.586 INFO [main] org.apache.coyote.AbstractProtocol.start Starting ProtocolHandler ["http-nio-8080"]
05-Sep-2023 13:29:09.597 INFO [main] org.apache.catalina.startup.Catalina.start Server startup in [4589] milliseconds
05-Sep-2023 13:29:11.664 INFO [http-nio-8080-exec-10] org.apache.catalina.util.LifecycleBase.stop The stop() method was called on component [StandardEngine[Catalina].StandardHost[localhost].StandardContext[]] after stop() had already been called. The second call will be ignored.
05-Sep-2023 13:29:12.185 INFO [http-nio-8080-exec-10] org.apache.catalina.startup.HostConfig.undeploy Undeploying context []
05-Sep-2023 13:29:12.205 INFO [http-nio-8080-exec-1] org.apache.catalina.startup.HostConfig.deployDescriptor Deploying deployment descriptor [D:\STUDY\CODEGYM\TOMCAT 9\apache-tomcat-9.0.71\conf\Catalina\localhost\ROOT.xml]
05-Sep-2023 13:29:12.207 WARNING [http-nio-8080-exec-1] org.apache.catalina.startup.HostConfig.deployDescriptor The path attribute with value [] in deployment descriptor [D:\STUDY\CODEGYM\TOMCAT 9\apache-tomcat-9.0.71\conf\Catalina\localhost\ROOT.xml] has been ignored
05-Sep-2023 13:29:12.227 INFO [http-nio-8080-exec-1] org.apache.catalina.startup.HostConfig.deployDescriptor Deployment of deployment descriptor [D:\STUDY\CODEGYM\TOMCAT 9\apache-tomcat-9.0.71\conf\Catalina\localhost\ROOT.xml] has finished in [22] ms
05-Sep-2023 13:29:12.231 INFO [http-nio-8080-exec-3] org.apache.catalina.util.LifecycleBase.start The start() method was called on component [StandardEngine[Catalina].StandardHost[localhost].StandardContext[]] after start() had already been called. The second call will be ignored.
05-Sep-2023 13:29:13.010 INFO [Abandoned connection cleanup thread] org.apache.catalina.loader.WebappClassLoaderBase.checkStateForResourceLoading Illegal access: this web application instance has been stopped already. Could not load []. The following stack trace is thrown for debugging purposes as well as to attempt to terminate the thread which caused the illegal access.
	java.lang.IllegalStateException: Illegal access: this web application instance has been stopped already. Could not load []. The following stack trace is thrown for debugging purposes as well as to attempt to terminate the thread which caused the illegal access.
		at org.apache.catalina.loader.WebappClassLoaderBase.checkStateForResourceLoading(WebappClassLoaderBase.java:1432)
		at org.apache.catalina.loader.WebappClassLoaderBase.getResource(WebappClassLoaderBase.java:1057)
		at com.mysql.jdbc.AbandonedConnectionCleanupThread.checkContextClassLoaders(AbandonedConnectionCleanupThread.java:90)
		at com.mysql.jdbc.AbandonedConnectionCleanupThread.run(AbandonedConnectionCleanupThread.java:63)
		at java.util.concurrent.ThreadPoolExecutor.runWorker(ThreadPoolExecutor.java:1149)
		at java.util.concurrent.ThreadPoolExecutor$Worker.run(ThreadPoolExecutor.java:624)
		at java.lang.Thread.run(Thread.java:748)
05-Sep-2023 14:01:25.765 INFO [http-nio-8080-exec-6] org.apache.catalina.startup.HostConfig.undeploy Undeploying context []
05-Sep-2023 14:01:25.805 INFO [http-nio-8080-exec-4] org.apache.catalina.startup.HostConfig.deployDescriptor Deploying deployment descriptor [D:\STUDY\CODEGYM\TOMCAT 9\apache-tomcat-9.0.71\conf\Catalina\localhost\ROOT.xml]
05-Sep-2023 14:01:25.825 WARNING [http-nio-8080-exec-4] org.apache.catalina.startup.HostConfig.deployDescriptor The path attribute with value [] in deployment descriptor [D:\STUDY\CODEGYM\TOMCAT 9\apache-tomcat-9.0.71\conf\Catalina\localhost\ROOT.xml] has been ignored
05-Sep-2023 14:01:25.891 INFO [http-nio-8080-exec-4] org.apache.catalina.startup.HostConfig.deployDescriptor Deployment of deployment descriptor [D:\STUDY\CODEGYM\TOMCAT 9\apache-tomcat-9.0.71\conf\Catalina\localhost\ROOT.xml] has finished in [85] ms
05-Sep-2023 14:01:25.896 INFO [http-nio-8080-exec-7] org.apache.catalina.util.LifecycleBase.start The start() method was called on component [StandardEngine[Catalina].StandardHost[localhost].StandardContext[]] after start() had already been called. The second call will be ignored.
05-Sep-2023 14:05:13.404 WARNING [main] org.apache.catalina.core.StandardServer.await Invalid shutdown command [] received
05-Sep-2023 14:12:14.239 INFO [http-nio-8080-exec-16] org.apache.catalina.startup.HostConfig.deployDescriptor Deploying deployment descriptor [D:\STUDY\CODEGYM\TOMCAT 9\apache-tomcat-9.0.71\conf\Catalina\localhost\WebApplication2.xml]
05-Sep-2023 14:12:14.244 WARNING [http-nio-8080-exec-16] org.apache.catalina.startup.HostConfig.deployDescriptor The path attribute with value [/WebApplication2] in deployment descriptor [D:\STUDY\CODEGYM\TOMCAT 9\apache-tomcat-9.0.71\conf\Catalina\localhost\WebApplication2.xml] has been ignored
05-Sep-2023 14:12:14.293 INFO [http-nio-8080-exec-16] org.apache.catalina.startup.HostConfig.deployDescriptor Deployment of deployment descriptor [D:\STUDY\CODEGYM\TOMCAT 9\apache-tomcat-9.0.71\conf\Catalina\localhost\WebApplication2.xml] has finished in [54] ms
05-Sep-2023 14:12:14.297 INFO [http-nio-8080-exec-20] org.apache.catalina.util.LifecycleBase.start The start() method was called on component [StandardEngine[Catalina].StandardHost[localhost].StandardContext[/WebApplication2]] after start() had already been called. The second call will be ignored.
05-Sep-2023 14:24:32.832 WARNING [main] org.apache.catalina.core.StandardServer.await Invalid shutdown command [] received
05-Sep-2023 14:25:02.990 INFO [http-nio-8080-exec-15] org.apache.catalina.startup.HostConfig.undeploy Undeploying context [/WebApplication2]
05-Sep-2023 14:25:03.503 INFO [Catalina-utility-2] org.apache.catalina.startup.HostConfig.undeploy Undeploying context [/WebApplication2]
05-Sep-2023 14:26:06.836 INFO [main] org.apache.catalina.core.StandardServer.await A valid shutdown command was received via the shutdown port. Stopping the Server instance.
05-Sep-2023 14:26:06.840 INFO [main] org.apache.coyote.AbstractProtocol.pause Pausing ProtocolHandler ["http-nio-8080"]
05-Sep-2023 14:26:06.959 INFO [main] org.apache.catalina.core.StandardService.stopInternal Stopping service [Catalina]
05-Sep-2023 14:26:07.006 INFO [main] org.apache.coyote.AbstractProtocol.stop Stopping ProtocolHandler ["http-nio-8080"]
05-Sep-2023 14:26:07.022 INFO [main] org.apache.coyote.AbstractProtocol.destroy Destroying ProtocolHandler ["http-nio-8080"]
05-Sep-2023 14:35:32.345 INFO [main] org.apache.catalina.startup.VersionLoggerListener.log Server version name:   Apache Tomcat/9.0.71
05-Sep-2023 14:35:32.350 INFO [main] org.apache.catalina.startup.VersionLoggerListener.log Server built:          Jan 9 2023 22:33:01 UTC
05-Sep-2023 14:35:32.351 INFO [main] org.apache.catalina.startup.VersionLoggerListener.log Server version number: 9.0.71.0
05-Sep-2023 14:35:32.351 INFO [main] org.apache.catalina.startup.VersionLoggerListener.log OS Name:               Windows 10
05-Sep-2023 14:35:32.351 INFO [main] org.apache.catalina.startup.VersionLoggerListener.log OS Version:            10.0
05-Sep-2023 14:35:32.351 INFO [main] org.apache.catalina.startup.VersionLoggerListener.log Architecture:          amd64
05-Sep-2023 14:35:32.351 INFO [main] org.apache.catalina.startup.VersionLoggerListener.log Java Home:             C:\Program Files\Java\jdk1.8.0_202\jre
05-Sep-2023 14:35:32.351 INFO [main] org.apache.catalina.startup.VersionLoggerListener.log JVM Version:           1.8.0_202-b08
05-Sep-2023 14:35:32.351 INFO [main] org.apache.catalina.startup.VersionLoggerListener.log JVM Vendor:            Oracle Corporation
05-Sep-2023 14:35:32.351 INFO [main] org.apache.catalina.startup.VersionLoggerListener.log CATALINA_BASE:         D:\STUDY\CODEGYM\TOMCAT 9\apache-tomcat-9.0.71
05-Sep-2023 14:35:32.351 INFO [main] org.apache.catalina.startup.VersionLoggerListener.log CATALINA_HOME:         D:\STUDY\CODEGYM\TOMCAT 9\apache-tomcat-9.0.71
05-Sep-2023 14:35:32.356 INFO [main] org.apache.catalina.startup.VersionLoggerListener.log Command line argument: -Djava.util.logging.config.file=D:\STUDY\CODEGYM\TOMCAT 9\apache-tomcat-9.0.71\conf\logging.properties
05-Sep-2023 14:35:32.356 INFO [main] org.apache.catalina.startup.VersionLoggerListener.log Command line argument: -Djava.util.logging.manager=org.apache.juli.ClassLoaderLogManager
05-Sep-2023 14:35:32.356 INFO [main] org.apache.catalina.startup.VersionLoggerListener.log Command line argument: -Dhttp.nonProxyHosts=localhost|127.0.0.1|QUANG-TRIEU
05-Sep-2023 14:35:32.356 INFO [main] org.apache.catalina.startup.VersionLoggerListener.log Command line argument: -Djdk.tls.ephemeralDHKeySize=2048
05-Sep-2023 14:35:32.356 INFO [main] org.apache.catalina.startup.VersionLoggerListener.log Command line argument: -Djava.protocol.handler.pkgs=org.apache.catalina.webresources
05-Sep-2023 14:35:32.356 INFO [main] org.apache.catalina.startup.VersionLoggerListener.log Command line argument: -Dignore.endorsed.dirs=
05-Sep-2023 14:35:32.356 INFO [main] org.apache.catalina.startup.VersionLoggerListener.log Command line argument: -Dcatalina.base=D:\STUDY\CODEGYM\TOMCAT 9\apache-tomcat-9.0.71
05-Sep-2023 14:35:32.356 INFO [main] org.apache.catalina.startup.VersionLoggerListener.log Command line argument: -Dcatalina.home=D:\STUDY\CODEGYM\TOMCAT 9\apache-tomcat-9.0.71
05-Sep-2023 14:35:32.356 INFO [main] org.apache.catalina.startup.VersionLoggerListener.log Command line argument: -Djava.io.tmpdir=D:\STUDY\CODEGYM\TOMCAT 9\apache-tomcat-9.0.71\temp
05-Sep-2023 14:35:32.364 INFO [main] org.apache.catalina.core.AprLifecycleListener.lifecycleEvent The Apache Tomcat Native library which allows using OpenSSL was not found on the java.library.path: [C:\Program Files\Java\jdk1.8.0_202\bin;C:\WINDOWS\Sun\Java\bin;C:\WINDOWS\system32;C:\WINDOWS;C:\Program Files (x86)\Common Files\Oracle\Java\javapath;C:\ProgramData\Oracle\Java\javapath;C:\Program Files\Microsoft MPI\Bin\;D:\bin\;C:\Program Files (x86)\VMware\VMware Workstation\bin\;C:\Windows\system32;C:\Windows;C:\Windows\System32\Wbem;C:\Windows\System32\WindowsPowerShell\v1.0\;C:\Windows\System32\OpenSSH\;C:\Program Files (x86)\NVIDIA Corporation\PhysX\Common;C:\Program Files\NVIDIA Corporation\NVIDIA NvDLISR;C:\WINDOWS\system32;C:\WINDOWS;C:\WINDOWS\System32\Wbem;C:\WINDOWS\System32\WindowsPowerShell\v1.0\;C:\WINDOWS\System32\OpenSSH\;C:\MinGW\bin;C:\Program Files\Microsoft SQL Server\Client SDK\ODBC\170\Tools\Binn\;C:\Program Files (x86)\Microsoft SQL Server\150\Tools\Binn\;C:\Program Files\Microsoft SQL Server\150\Tools\Binn\;C:\Program Files\Microsoft SQL Server\150\DTS\Binn\;C:\Program Files\Azure Data Studio\bin;C:\Program Files (x86)\Microsoft SQL Server\160\DTS\Binn\;D:\Git\cmd;C:\Program Files\MySQL\MySQL Shell 8.0\bin\;C:\Users\ADMIN\AppData\Local\Microsoft\WindowsApps;C:\Users\ADMIN\AppData\Local\Programs\Microsoft VS Code\bin;;C:\Program Files\Azure Data Studio\bin;.]
05-Sep-2023 14:35:32.758 INFO [main] org.apache.coyote.AbstractProtocol.init Initializing ProtocolHandler ["http-nio-8080"]
05-Sep-2023 14:35:32.777 INFO [main] org.apache.catalina.startup.Catalina.load Server initialization in [635] milliseconds
05-Sep-2023 14:35:32.803 INFO [main] org.apache.catalina.core.StandardService.startInternal Starting service [Catalina]
05-Sep-2023 14:35:32.804 INFO [main] org.apache.catalina.core.StandardEngine.startInternal Starting Servlet engine: [Apache Tomcat/9.0.71]
05-Sep-2023 14:35:32.811 INFO [main] org.apache.catalina.startup.HostConfig.deployDescriptor Deploying deployment descriptor [D:\STUDY\CODEGYM\TOMCAT 9\apache-tomcat-9.0.71\conf\Catalina\localhost\ROOT.xml]
05-Sep-2023 14:35:32.830 WARNING [main] org.apache.catalina.startup.HostConfig.deployDescriptor The path attribute with value [] in deployment descriptor [D:\STUDY\CODEGYM\TOMCAT 9\apache-tomcat-9.0.71\conf\Catalina\localhost\ROOT.xml] has been ignored
05-Sep-2023 14:35:33.130 WARNING [main] org.apache.catalina.util.SessionIdGeneratorBase.createSecureRandom Creation of SecureRandom instance for session ID generation using [SHA1PRNG] took [114] milliseconds.
05-Sep-2023 14:35:33.157 INFO [main] org.apache.catalina.startup.HostConfig.deployDescriptor Deployment of deployment descriptor [D:\STUDY\CODEGYM\TOMCAT 9\apache-tomcat-9.0.71\conf\Catalina\localhost\ROOT.xml] has finished in [346] ms
05-Sep-2023 14:35:33.158 INFO [main] org.apache.catalina.startup.HostConfig.deployDirectory Deploying web application directory [D:\STUDY\CODEGYM\TOMCAT 9\apache-tomcat-9.0.71\webapps\docs]
05-Sep-2023 14:35:33.180 INFO [main] org.apache.catalina.startup.HostConfig.deployDirectory Deployment of web application directory [D:\STUDY\CODEGYM\TOMCAT 9\apache-tomcat-9.0.71\webapps\docs] has finished in [22] ms
05-Sep-2023 14:35:33.181 INFO [main] org.apache.catalina.startup.HostConfig.deployDirectory Deploying web application directory [D:\STUDY\CODEGYM\TOMCAT 9\apache-tomcat-9.0.71\webapps\examples]
05-Sep-2023 14:35:33.488 INFO [main] org.apache.catalina.startup.HostConfig.deployDirectory Deployment of web application directory [D:\STUDY\CODEGYM\TOMCAT 9\apache-tomcat-9.0.71\webapps\examples] has finished in [307] ms
05-Sep-2023 14:35:33.488 INFO [main] org.apache.catalina.startup.HostConfig.deployDirectory Deploying web application directory [D:\STUDY\CODEGYM\TOMCAT 9\apache-tomcat-9.0.71\webapps\Gradle___com_example___dictionary_1_0_SNAPSHOT_war]
05-Sep-2023 14:35:33.522 INFO [main] org.apache.catalina.startup.HostConfig.deployDirectory Deployment of web application directory [D:\STUDY\CODEGYM\TOMCAT 9\apache-tomcat-9.0.71\webapps\Gradle___com_example___dictionary_1_0_SNAPSHOT_war] has finished in [34] ms
05-Sep-2023 14:35:33.522 INFO [main] org.apache.catalina.startup.HostConfig.deployDirectory Deploying web application directory [D:\STUDY\CODEGYM\TOMCAT 9\apache-tomcat-9.0.71\webapps\host-manager]
05-Sep-2023 14:35:33.553 INFO [main] org.apache.catalina.startup.HostConfig.deployDirectory Deployment of web application directory [D:\STUDY\CODEGYM\TOMCAT 9\apache-tomcat-9.0.71\webapps\host-manager] has finished in [31] ms
05-Sep-2023 14:35:33.553 INFO [main] org.apache.catalina.startup.HostConfig.deployDirectory Deploying web application directory [D:\STUDY\CODEGYM\TOMCAT 9\apache-tomcat-9.0.71\webapps\manager]
05-Sep-2023 14:35:33.576 INFO [main] org.apache.catalina.startup.HostConfig.deployDirectory Deployment of web application directory [D:\STUDY\CODEGYM\TOMCAT 9\apache-tomcat-9.0.71\webapps\manager] has finished in [23] ms
05-Sep-2023 14:35:33.580 INFO [main] org.apache.coyote.AbstractProtocol.start Starting ProtocolHandler ["http-nio-8080"]
05-Sep-2023 14:35:33.600 INFO [main] org.apache.catalina.startup.Catalina.start Server startup in [822] milliseconds
05-Sep-2023 14:35:33.702 INFO [http-nio-8080-exec-4] org.apache.catalina.startup.HostConfig.deployDescriptor Deploying deployment descriptor [D:\STUDY\CODEGYM\TOMCAT 9\apache-tomcat-9.0.71\conf\Catalina\localhost\WebApplication2.xml]
05-Sep-2023 14:35:33.703 WARNING [http-nio-8080-exec-4] org.apache.catalina.startup.HostConfig.deployDescriptor The path attribute with value [/WebApplication2] in deployment descriptor [D:\STUDY\CODEGYM\TOMCAT 9\apache-tomcat-9.0.71\conf\Catalina\localhost\WebApplication2.xml] has been ignored
05-Sep-2023 14:35:33.728 INFO [http-nio-8080-exec-4] org.apache.catalina.startup.HostConfig.deployDescriptor Deployment of deployment descriptor [D:\STUDY\CODEGYM\TOMCAT 9\apache-tomcat-9.0.71\conf\Catalina\localhost\WebApplication2.xml] has finished in [26] ms
05-Sep-2023 14:35:33.732 INFO [http-nio-8080-exec-7] org.apache.catalina.util.LifecycleBase.start The start() method was called on component [StandardEngine[Catalina].StandardHost[localhost].StandardContext[/WebApplication2]] after start() had already been called. The second call will be ignored.
05-Sep-2023 14:42:44.430 INFO [main] org.apache.catalina.core.StandardServer.await A valid shutdown command was received via the shutdown port. Stopping the Server instance.
05-Sep-2023 14:42:44.430 INFO [main] org.apache.coyote.AbstractProtocol.pause Pausing ProtocolHandler ["http-nio-8080"]
05-Sep-2023 14:42:44.539 INFO [main] org.apache.catalina.core.StandardService.stopInternal Stopping service [Catalina]
05-Sep-2023 14:42:44.562 INFO [main] org.apache.coyote.AbstractProtocol.stop Stopping ProtocolHandler ["http-nio-8080"]
05-Sep-2023 14:42:44.581 INFO [main] org.apache.coyote.AbstractProtocol.destroy Destroying ProtocolHandler ["http-nio-8080"]
05-Sep-2023 14:42:47.626 INFO [main] org.apache.catalina.startup.VersionLoggerListener.log Server version name:   Apache Tomcat/9.0.71
05-Sep-2023 14:42:47.628 INFO [main] org.apache.catalina.startup.VersionLoggerListener.log Server built:          Jan 9 2023 22:33:01 UTC
05-Sep-2023 14:42:47.628 INFO [main] org.apache.catalina.startup.VersionLoggerListener.log Server version number: 9.0.71.0
05-Sep-2023 14:42:47.628 INFO [main] org.apache.catalina.startup.VersionLoggerListener.log OS Name:               Windows 10
05-Sep-2023 14:42:47.628 INFO [main] org.apache.catalina.startup.VersionLoggerListener.log OS Version:            10.0
05-Sep-2023 14:42:47.628 INFO [main] org.apache.catalina.startup.VersionLoggerListener.log Architecture:          amd64
05-Sep-2023 14:42:47.628 INFO [main] org.apache.catalina.startup.VersionLoggerListener.log Java Home:             C:\Program Files\Java\jdk1.8.0_202\jre
05-Sep-2023 14:42:47.628 INFO [main] org.apache.catalina.startup.VersionLoggerListener.log JVM Version:           1.8.0_202-b08
05-Sep-2023 14:42:47.628 INFO [main] org.apache.catalina.startup.VersionLoggerListener.log JVM Vendor:            Oracle Corporation
05-Sep-2023 14:42:47.628 INFO [main] org.apache.catalina.startup.VersionLoggerListener.log CATALINA_BASE:         D:\STUDY\CODEGYM\TOMCAT 9\apache-tomcat-9.0.71
05-Sep-2023 14:42:47.628 INFO [main] org.apache.catalina.startup.VersionLoggerListener.log CATALINA_HOME:         D:\STUDY\CODEGYM\TOMCAT 9\apache-tomcat-9.0.71
05-Sep-2023 14:42:47.630 INFO [main] org.apache.catalina.startup.VersionLoggerListener.log Command line argument: -Djava.util.logging.config.file=D:\STUDY\CODEGYM\TOMCAT 9\apache-tomcat-9.0.71\conf\logging.properties
05-Sep-2023 14:42:47.630 INFO [main] org.apache.catalina.startup.VersionLoggerListener.log Command line argument: -Djava.util.logging.manager=org.apache.juli.ClassLoaderLogManager
05-Sep-2023 14:42:47.630 INFO [main] org.apache.catalina.startup.VersionLoggerListener.log Command line argument: -Dhttp.nonProxyHosts=localhost|127.0.0.1|QUANG-TRIEU
05-Sep-2023 14:42:47.630 INFO [main] org.apache.catalina.startup.VersionLoggerListener.log Command line argument: -Djdk.tls.ephemeralDHKeySize=2048
05-Sep-2023 14:42:47.630 INFO [main] org.apache.catalina.startup.VersionLoggerListener.log Command line argument: -Djava.protocol.handler.pkgs=org.apache.catalina.webresources
05-Sep-2023 14:42:47.630 INFO [main] org.apache.catalina.startup.VersionLoggerListener.log Command line argument: -agentlib:jdwp=transport=dt_shmem,address=tomcat_shared_memory_id,server=y,suspend=n
05-Sep-2023 14:42:47.630 INFO [main] org.apache.catalina.startup.VersionLoggerListener.log Command line argument: -Dignore.endorsed.dirs=
05-Sep-2023 14:42:47.630 INFO [main] org.apache.catalina.startup.VersionLoggerListener.log Command line argument: -Dcatalina.base=D:\STUDY\CODEGYM\TOMCAT 9\apache-tomcat-9.0.71
05-Sep-2023 14:42:47.630 INFO [main] org.apache.catalina.startup.VersionLoggerListener.log Command line argument: -Dcatalina.home=D:\STUDY\CODEGYM\TOMCAT 9\apache-tomcat-9.0.71
05-Sep-2023 14:42:47.630 INFO [main] org.apache.catalina.startup.VersionLoggerListener.log Command line argument: -Djava.io.tmpdir=D:\STUDY\CODEGYM\TOMCAT 9\apache-tomcat-9.0.71\temp
05-Sep-2023 14:42:47.639 INFO [main] org.apache.catalina.core.AprLifecycleListener.lifecycleEvent The Apache Tomcat Native library which allows using OpenSSL was not found on the java.library.path: [C:\Program Files\Java\jdk1.8.0_202\bin;C:\WINDOWS\Sun\Java\bin;C:\WINDOWS\system32;C:\WINDOWS;C:\Program Files (x86)\Common Files\Oracle\Java\javapath;C:\ProgramData\Oracle\Java\javapath;C:\Program Files\Microsoft MPI\Bin\;D:\bin\;C:\Program Files (x86)\VMware\VMware Workstation\bin\;C:\Windows\system32;C:\Windows;C:\Windows\System32\Wbem;C:\Windows\System32\WindowsPowerShell\v1.0\;C:\Windows\System32\OpenSSH\;C:\Program Files (x86)\NVIDIA Corporation\PhysX\Common;C:\Program Files\NVIDIA Corporation\NVIDIA NvDLISR;C:\WINDOWS\system32;C:\WINDOWS;C:\WINDOWS\System32\Wbem;C:\WINDOWS\System32\WindowsPowerShell\v1.0\;C:\WINDOWS\System32\OpenSSH\;C:\MinGW\bin;C:\Program Files\Microsoft SQL Server\Client SDK\ODBC\170\Tools\Binn\;C:\Program Files (x86)\Microsoft SQL Server\150\Tools\Binn\;C:\Program Files\Microsoft SQL Server\150\Tools\Binn\;C:\Program Files\Microsoft SQL Server\150\DTS\Binn\;C:\Program Files\Azure Data Studio\bin;C:\Program Files (x86)\Microsoft SQL Server\160\DTS\Binn\;D:\Git\cmd;C:\Program Files\MySQL\MySQL Shell 8.0\bin\;C:\Users\ADMIN\AppData\Local\Microsoft\WindowsApps;C:\Users\ADMIN\AppData\Local\Programs\Microsoft VS Code\bin;;C:\Program Files\Azure Data Studio\bin;.]
05-Sep-2023 14:42:47.928 INFO [main] org.apache.coyote.AbstractProtocol.init Initializing ProtocolHandler ["http-nio-8080"]
05-Sep-2023 14:42:47.942 INFO [main] org.apache.catalina.startup.Catalina.load Server initialization in [491] milliseconds
05-Sep-2023 14:42:47.971 INFO [main] org.apache.catalina.core.StandardService.startInternal Starting service [Catalina]
05-Sep-2023 14:42:47.972 INFO [main] org.apache.catalina.core.StandardEngine.startInternal Starting Servlet engine: [Apache Tomcat/9.0.71]
05-Sep-2023 14:42:47.982 INFO [main] org.apache.catalina.startup.HostConfig.deployDescriptor Deploying deployment descriptor [D:\STUDY\CODEGYM\TOMCAT 9\apache-tomcat-9.0.71\conf\Catalina\localhost\ROOT.xml]
05-Sep-2023 14:42:47.999 WARNING [main] org.apache.catalina.startup.HostConfig.deployDescriptor The path attribute with value [] in deployment descriptor [D:\STUDY\CODEGYM\TOMCAT 9\apache-tomcat-9.0.71\conf\Catalina\localhost\ROOT.xml] has been ignored
05-Sep-2023 14:42:48.308 WARNING [main] org.apache.catalina.util.SessionIdGeneratorBase.createSecureRandom Creation of SecureRandom instance for session ID generation using [SHA1PRNG] took [121] milliseconds.
05-Sep-2023 14:42:48.344 INFO [main] org.apache.catalina.startup.HostConfig.deployDescriptor Deployment of deployment descriptor [D:\STUDY\CODEGYM\TOMCAT 9\apache-tomcat-9.0.71\conf\Catalina\localhost\ROOT.xml] has finished in [362] ms
05-Sep-2023 14:42:48.344 INFO [main] org.apache.catalina.startup.HostConfig.deployDescriptor Deploying deployment descriptor [D:\STUDY\CODEGYM\TOMCAT 9\apache-tomcat-9.0.71\conf\Catalina\localhost\WebApplication2.xml]
05-Sep-2023 14:42:48.346 WARNING [main] org.apache.catalina.startup.HostConfig.deployDescriptor The path attribute with value [/WebApplication2] in deployment descriptor [D:\STUDY\CODEGYM\TOMCAT 9\apache-tomcat-9.0.71\conf\Catalina\localhost\WebApplication2.xml] has been ignored
05-Sep-2023 14:42:48.399 INFO [main] org.apache.catalina.startup.HostConfig.deployDescriptor Deployment of deployment descriptor [D:\STUDY\CODEGYM\TOMCAT 9\apache-tomcat-9.0.71\conf\Catalina\localhost\WebApplication2.xml] has finished in [55] ms
05-Sep-2023 14:42:48.400 INFO [main] org.apache.catalina.startup.HostConfig.deployDirectory Deploying web application directory [D:\STUDY\CODEGYM\TOMCAT 9\apache-tomcat-9.0.71\webapps\docs]
05-Sep-2023 14:42:48.430 INFO [main] org.apache.catalina.startup.HostConfig.deployDirectory Deployment of web application directory [D:\STUDY\CODEGYM\TOMCAT 9\apache-tomcat-9.0.71\webapps\docs] has finished in [30] ms
05-Sep-2023 14:42:48.430 INFO [main] org.apache.catalina.startup.HostConfig.deployDirectory Deploying web application directory [D:\STUDY\CODEGYM\TOMCAT 9\apache-tomcat-9.0.71\webapps\examples]
05-Sep-2023 14:42:48.693 INFO [main] org.apache.catalina.startup.HostConfig.deployDirectory Deployment of web application directory [D:\STUDY\CODEGYM\TOMCAT 9\apache-tomcat-9.0.71\webapps\examples] has finished in [263] ms
05-Sep-2023 14:42:48.694 INFO [main] org.apache.catalina.startup.HostConfig.deployDirectory Deploying web application directory [D:\STUDY\CODEGYM\TOMCAT 9\apache-tomcat-9.0.71\webapps\Gradle___com_example___dictionary_1_0_SNAPSHOT_war]
05-Sep-2023 14:42:48.721 INFO [main] org.apache.catalina.startup.HostConfig.deployDirectory Deployment of web application directory [D:\STUDY\CODEGYM\TOMCAT 9\apache-tomcat-9.0.71\webapps\Gradle___com_example___dictionary_1_0_SNAPSHOT_war] has finished in [27] ms
05-Sep-2023 14:42:48.721 INFO [main] org.apache.catalina.startup.HostConfig.deployDirectory Deploying web application directory [D:\STUDY\CODEGYM\TOMCAT 9\apache-tomcat-9.0.71\webapps\host-manager]
05-Sep-2023 14:42:48.750 INFO [main] org.apache.catalina.startup.HostConfig.deployDirectory Deployment of web application directory [D:\STUDY\CODEGYM\TOMCAT 9\apache-tomcat-9.0.71\webapps\host-manager] has finished in [28] ms
05-Sep-2023 14:42:48.750 INFO [main] org.apache.catalina.startup.HostConfig.deployDirectory Deploying web application directory [D:\STUDY\CODEGYM\TOMCAT 9\apache-tomcat-9.0.71\webapps\manager]
05-Sep-2023 14:42:48.769 INFO [main] org.apache.catalina.startup.HostConfig.deployDirectory Deployment of web application directory [D:\STUDY\CODEGYM\TOMCAT 9\apache-tomcat-9.0.71\webapps\manager] has finished in [19] ms
05-Sep-2023 14:42:48.774 INFO [main] org.apache.coyote.AbstractProtocol.start Starting ProtocolHandler ["http-nio-8080"]
05-Sep-2023 14:42:48.799 INFO [main] org.apache.catalina.startup.Catalina.start Server startup in [856] milliseconds
05-Sep-2023 14:42:50.182 INFO [http-nio-8080-exec-2] org.apache.catalina.startup.HostConfig.undeploy Undeploying context [/WebApplication2]
05-Sep-2023 14:42:50.202 INFO [http-nio-8080-exec-6] org.apache.catalina.startup.HostConfig.deployDescriptor Deploying deployment descriptor [D:\STUDY\CODEGYM\TOMCAT 9\apache-tomcat-9.0.71\conf\Catalina\localhost\WebApplication2.xml]
05-Sep-2023 14:42:50.204 WARNING [http-nio-8080-exec-6] org.apache.catalina.startup.HostConfig.deployDescriptor The path attribute with value [/WebApplication2] in deployment descriptor [D:\STUDY\CODEGYM\TOMCAT 9\apache-tomcat-9.0.71\conf\Catalina\localhost\WebApplication2.xml] has been ignored
05-Sep-2023 14:42:50.233 INFO [http-nio-8080-exec-6] org.apache.catalina.startup.HostConfig.deployDescriptor Deployment of deployment descriptor [D:\STUDY\CODEGYM\TOMCAT 9\apache-tomcat-9.0.71\conf\Catalina\localhost\WebApplication2.xml] has finished in [30] ms
05-Sep-2023 14:42:50.236 INFO [http-nio-8080-exec-5] org.apache.catalina.util.LifecycleBase.start The start() method was called on component [StandardEngine[Catalina].StandardHost[localhost].StandardContext[/WebApplication2]] after start() had already been called. The second call will be ignored.
05-Sep-2023 14:44:38.166 INFO [http-nio-8080-exec-17] org.apache.catalina.startup.HostConfig.undeploy Undeploying context [/WebApplication2]
05-Sep-2023 14:45:06.370 INFO [http-nio-8080-exec-10] org.apache.catalina.startup.HostConfig.undeploy Undeploying context []
05-Sep-2023 14:45:06.387 INFO [http-nio-8080-exec-15] org.apache.catalina.startup.HostConfig.deployDescriptor Deploying deployment descriptor [D:\STUDY\CODEGYM\TOMCAT 9\apache-tomcat-9.0.71\conf\Catalina\localhost\ROOT.xml]
05-Sep-2023 14:45:06.388 WARNING [http-nio-8080-exec-15] org.apache.catalina.startup.HostConfig.deployDescriptor The path attribute with value [] in deployment descriptor [D:\STUDY\CODEGYM\TOMCAT 9\apache-tomcat-9.0.71\conf\Catalina\localhost\ROOT.xml] has been ignored
05-Sep-2023 14:45:06.406 INFO [http-nio-8080-exec-15] org.apache.catalina.startup.HostConfig.deployDescriptor Deployment of deployment descriptor [D:\STUDY\CODEGYM\TOMCAT 9\apache-tomcat-9.0.71\conf\Catalina\localhost\ROOT.xml] has finished in [19] ms
05-Sep-2023 14:45:06.409 INFO [http-nio-8080-exec-19] org.apache.catalina.util.LifecycleBase.start The start() method was called on component [StandardEngine[Catalina].StandardHost[localhost].StandardContext[]] after start() had already been called. The second call will be ignored.
05-Sep-2023 14:46:43.407 INFO [http-nio-8080-exec-23] org.apache.catalina.core.StandardContext.reload Reloading Context with name [] has started
05-Sep-2023 14:46:43.448 INFO [http-nio-8080-exec-23] org.apache.catalina.core.StandardContext.reload Reloading Context with name [] is completed
05-Sep-2023 14:46:43.677 INFO [http-nio-8080-exec-21] org.apache.catalina.core.StandardContext.reload Reloading Context with name [] has started
05-Sep-2023 14:46:43.704 INFO [http-nio-8080-exec-21] org.apache.catalina.core.StandardContext.reload Reloading Context with name [] is completed
05-Sep-2023 14:46:44.030 INFO [http-nio-8080-exec-23] org.apache.catalina.core.StandardContext.reload Reloading Context with name [] has started
05-Sep-2023 14:46:44.096 INFO [http-nio-8080-exec-23] org.apache.catalina.core.StandardContext.reload Reloading Context with name [] is completed
05-Sep-2023 14:46:44.226 INFO [http-nio-8080-exec-21] org.apache.catalina.core.StandardContext.reload Reloading Context with name [] has started
05-Sep-2023 14:46:44.255 INFO [http-nio-8080-exec-21] org.apache.catalina.core.StandardContext.reload Reloading Context with name [] is completed
05-Sep-2023 14:47:09.050 INFO [Catalina-utility-1] org.apache.catalina.startup.HostConfig.reload Reloading context []
05-Sep-2023 14:47:09.050 INFO [Catalina-utility-1] org.apache.catalina.core.StandardContext.reload Reloading Context with name [] has started
05-Sep-2023 14:47:09.088 INFO [Catalina-utility-1] org.apache.catalina.core.StandardContext.reload Reloading Context with name [] is completed
05-Sep-2023 14:47:25.664 INFO [http-nio-8080-exec-21] org.apache.catalina.startup.HostConfig.undeploy Undeploying context []
05-Sep-2023 14:47:25.676 INFO [http-nio-8080-exec-28] org.apache.catalina.startup.HostConfig.deployDescriptor Deploying deployment descriptor [D:\STUDY\CODEGYM\TOMCAT 9\apache-tomcat-9.0.71\conf\Catalina\localhost\ROOT.xml]
05-Sep-2023 14:47:25.678 WARNING [http-nio-8080-exec-28] org.apache.catalina.startup.HostConfig.deployDescriptor The path attribute with value [] in deployment descriptor [D:\STUDY\CODEGYM\TOMCAT 9\apache-tomcat-9.0.71\conf\Catalina\localhost\ROOT.xml] has been ignored
05-Sep-2023 14:47:25.701 INFO [http-nio-8080-exec-28] org.apache.catalina.startup.HostConfig.deployDescriptor Deployment of deployment descriptor [D:\STUDY\CODEGYM\TOMCAT 9\apache-tomcat-9.0.71\conf\Catalina\localhost\ROOT.xml] has finished in [25] ms
05-Sep-2023 14:47:25.706 INFO [http-nio-8080-exec-19] org.apache.catalina.util.LifecycleBase.start The start() method was called on component [StandardEngine[Catalina].StandardHost[localhost].StandardContext[]] after start() had already been called. The second call will be ignored.
05-Sep-2023 14:50:03.847 INFO [http-nio-8080-exec-36] org.apache.catalina.core.StandardContext.reload Reloading Context with name [] has started
05-Sep-2023 14:50:03.897 INFO [http-nio-8080-exec-36] org.apache.catalina.core.StandardContext.reload Reloading Context with name [] is completed
05-Sep-2023 14:50:04.581 INFO [http-nio-8080-exec-32] org.apache.catalina.startup.HostConfig.undeploy Undeploying context []
05-Sep-2023 14:50:04.595 INFO [http-nio-8080-exec-35] org.apache.catalina.startup.HostConfig.deployDescriptor Deploying deployment descriptor [D:\STUDY\CODEGYM\TOMCAT 9\apache-tomcat-9.0.71\conf\Catalina\localhost\ROOT.xml]
05-Sep-2023 14:50:04.597 WARNING [http-nio-8080-exec-35] org.apache.catalina.startup.HostConfig.deployDescriptor The path attribute with value [] in deployment descriptor [D:\STUDY\CODEGYM\TOMCAT 9\apache-tomcat-9.0.71\conf\Catalina\localhost\ROOT.xml] has been ignored
05-Sep-2023 14:50:04.650 INFO [http-nio-8080-exec-35] org.apache.catalina.startup.HostConfig.deployDescriptor Deployment of deployment descriptor [D:\STUDY\CODEGYM\TOMCAT 9\apache-tomcat-9.0.71\conf\Catalina\localhost\ROOT.xml] has finished in [54] ms
05-Sep-2023 14:50:04.655 INFO [http-nio-8080-exec-33] org.apache.catalina.util.LifecycleBase.start The start() method was called on component [StandardEngine[Catalina].StandardHost[localhost].StandardContext[]] after start() had already been called. The second call will be ignored.
05-Sep-2023 14:52:24.672 INFO [http-nio-8080-exec-44] org.apache.catalina.core.StandardContext.reload Reloading Context with name [] has started
05-Sep-2023 14:52:24.706 INFO [http-nio-8080-exec-44] org.apache.catalina.core.StandardContext.reload Reloading Context with name [] is completed
05-Sep-2023 14:52:25.371 INFO [http-nio-8080-exec-48] org.apache.catalina.startup.HostConfig.undeploy Undeploying context []
05-Sep-2023 14:52:25.386 INFO [http-nio-8080-exec-47] org.apache.catalina.startup.HostConfig.deployDescriptor Deploying deployment descriptor [D:\STUDY\CODEGYM\TOMCAT 9\apache-tomcat-9.0.71\conf\Catalina\localhost\ROOT.xml]
05-Sep-2023 14:52:25.388 WARNING [http-nio-8080-exec-47] org.apache.catalina.startup.HostConfig.deployDescriptor The path attribute with value [] in deployment descriptor [D:\STUDY\CODEGYM\TOMCAT 9\apache-tomcat-9.0.71\conf\Catalina\localhost\ROOT.xml] has been ignored
05-Sep-2023 14:52:25.411 INFO [http-nio-8080-exec-47] org.apache.catalina.startup.HostConfig.deployDescriptor Deployment of deployment descriptor [D:\STUDY\CODEGYM\TOMCAT 9\apache-tomcat-9.0.71\conf\Catalina\localhost\ROOT.xml] has finished in [26] ms
05-Sep-2023 14:52:25.414 INFO [http-nio-8080-exec-45] org.apache.catalina.util.LifecycleBase.start The start() method was called on component [StandardEngine[Catalina].StandardHost[localhost].StandardContext[]] after start() had already been called. The second call will be ignored.
05-Sep-2023 14:57:36.193 INFO [main] org.apache.catalina.core.StandardServer.await A valid shutdown command was received via the shutdown port. Stopping the Server instance.
05-Sep-2023 14:57:36.198 INFO [main] org.apache.coyote.AbstractProtocol.pause Pausing ProtocolHandler ["http-nio-8080"]
05-Sep-2023 14:57:36.458 INFO [main] org.apache.catalina.core.StandardService.stopInternal Stopping service [Catalina]
05-Sep-2023 14:57:36.486 INFO [main] org.apache.coyote.AbstractProtocol.stop Stopping ProtocolHandler ["http-nio-8080"]
05-Sep-2023 14:57:36.500 INFO [main] org.apache.coyote.AbstractProtocol.destroy Destroying ProtocolHandler ["http-nio-8080"]
