07-Sep-2023 10:47:32.870 INFO [main] org.apache.catalina.core.ApplicationContext.log ContextListener: contextInitialized()
07-Sep-2023 10:47:32.871 INFO [main] org.apache.catalina.core.ApplicationContext.log SessionListener: contextInitialized()
07-Sep-2023 10:47:32.872 INFO [main] org.apache.catalina.core.ApplicationContext.log ContextListener: attributeAdded('StockTicker', 'async.Stockticker@687e99d8')
07-Sep-2023 10:49:23.760 INFO [main] org.apache.catalina.core.ApplicationContext.log SessionListener: contextDestroyed()
07-Sep-2023 10:49:23.760 INFO [main] org.apache.catalina.core.ApplicationContext.log ContextListener: contextDestroyed()
07-Sep-2023 10:49:27.933 INFO [main] org.apache.catalina.core.ApplicationContext.log ContextListener: contextInitialized()
07-Sep-2023 10:49:27.933 INFO [main] org.apache.catalina.core.ApplicationContext.log SessionListener: contextInitialized()
07-Sep-2023 10:49:27.936 INFO [main] org.apache.catalina.core.ApplicationContext.log ContextListener: attributeAdded('StockTicker', 'async.Stockticker@4351c8c3')
07-Sep-2023 11:37:53.415 INFO [main] org.apache.catalina.core.ApplicationContext.log SessionListener: contextDestroyed()
07-Sep-2023 11:37:53.415 INFO [main] org.apache.catalina.core.ApplicationContext.log ContextListener: contextDestroyed()
07-Sep-2023 11:41:07.992 INFO [main] org.apache.catalina.core.ApplicationContext.log ContextListener: contextInitialized()
07-Sep-2023 11:41:07.992 INFO [main] org.apache.catalina.core.ApplicationContext.log SessionListener: contextInitialized()
07-Sep-2023 11:41:07.994 INFO [main] org.apache.catalina.core.ApplicationContext.log ContextListener: attributeAdded('StockTicker', 'async.Stockticker@696f0212')
07-Sep-2023 11:45:39.810 INFO [main] org.apache.catalina.core.ApplicationContext.log SessionListener: contextDestroyed()
07-Sep-2023 11:45:39.810 INFO [main] org.apache.catalina.core.ApplicationContext.log ContextListener: contextDestroyed()
07-Sep-2023 11:46:52.509 INFO [main] org.apache.catalina.core.ApplicationContext.log ContextListener: contextInitialized()
07-Sep-2023 11:46:52.509 INFO [main] org.apache.catalina.core.ApplicationContext.log SessionListener: contextInitialized()
07-Sep-2023 11:46:52.511 INFO [main] org.apache.catalina.core.ApplicationContext.log ContextListener: attributeAdded('StockTicker', 'async.Stockticker@54534abf')
07-Sep-2023 11:53:23.773 INFO [main] org.apache.catalina.core.ApplicationContext.log SessionListener: contextDestroyed()
07-Sep-2023 11:53:23.773 INFO [main] org.apache.catalina.core.ApplicationContext.log ContextListener: contextDestroyed()
