11-Sep-2023 14:41:59.638 INFO [http-nio-8080-exec-5] org.apache.catalina.core.ApplicationContext.log Manager: init: Associated with Deployer 'Catalina:type=Deployer,host=localhost'
11-Sep-2023 14:41:59.639 INFO [http-nio-8080-exec-5] org.apache.catalina.core.ApplicationContext.log Manager: init: Global resources are available
11-Sep-2023 14:41:59.682 INFO [http-nio-8080-exec-8] org.apache.catalina.core.ApplicationContext.log Manager: list: Listing contexts for virtual host 'localhost'
11-Sep-2023 14:41:59.694 INFO [http-nio-8080-exec-10] org.apache.catalina.core.ApplicationContext.log Manager: undeploy: Undeploying web application at '/'
11-Sep-2023 14:42:00.226 INFO [http-nio-8080-exec-8] org.apache.catalina.core.ApplicationContext.log Manager: install: Installing context configuration at 'file:/C:/Users/ADMIN/AppData/Local/Temp/context11806189410874122869.xml'
11-Sep-2023 14:42:00.272 INFO [http-nio-8080-exec-7] org.apache.catalina.core.ApplicationContext.log Manager: start: Starting web application '/'
11-Sep-2023 14:46:03.020 INFO [http-nio-8080-exec-11] org.apache.catalina.core.ApplicationContext.log Manager: list: Listing contexts for virtual host 'localhost'
11-Sep-2023 14:46:03.382 INFO [http-nio-8080-exec-14] org.apache.catalina.core.ApplicationContext.log Manager: list: Listing contexts for virtual host 'localhost'
11-Sep-2023 14:46:03.389 INFO [http-nio-8080-exec-13] org.apache.catalina.core.ApplicationContext.log Manager: stop: Stopping web application '/'
11-Sep-2023 14:46:03.408 INFO [http-nio-8080-exec-19] org.apache.catalina.core.ApplicationContext.log Manager: start: Starting web application '/'
11-Sep-2023 14:46:22.065 INFO [http-nio-8080-exec-12] org.apache.catalina.core.ApplicationContext.log Manager: list: Listing contexts for virtual host 'localhost'
11-Sep-2023 14:46:22.072 INFO [http-nio-8080-exec-16] org.apache.catalina.core.ApplicationContext.log Manager: restart: Reloading web application '/'
11-Sep-2023 14:46:40.304 INFO [http-nio-8080-exec-22] org.apache.catalina.core.ApplicationContext.log Manager: list: Listing contexts for virtual host 'localhost'
11-Sep-2023 14:46:40.689 INFO [http-nio-8080-exec-16] org.apache.catalina.core.ApplicationContext.log Manager: list: Listing contexts for virtual host 'localhost'
11-Sep-2023 14:46:41.067 INFO [http-nio-8080-exec-23] org.apache.catalina.core.ApplicationContext.log Manager: list: Listing contexts for virtual host 'localhost'
11-Sep-2023 14:48:48.409 INFO [http-nio-8080-exec-26] org.apache.catalina.core.ApplicationContext.log Manager: list: Listing contexts for virtual host 'localhost'
11-Sep-2023 14:48:48.748 INFO [http-nio-8080-exec-14] org.apache.catalina.core.ApplicationContext.log Manager: list: Listing contexts for virtual host 'localhost'
11-Sep-2023 14:48:48.754 INFO [http-nio-8080-exec-15] org.apache.catalina.core.ApplicationContext.log Manager: stop: Stopping web application '/'
11-Sep-2023 14:48:48.761 INFO [http-nio-8080-exec-24] org.apache.catalina.core.ApplicationContext.log Manager: start: Starting web application '/'
11-Sep-2023 14:49:00.140 INFO [http-nio-8080-exec-27] org.apache.catalina.core.ApplicationContext.log Manager: list: Listing contexts for virtual host 'localhost'
11-Sep-2023 14:49:00.144 INFO [http-nio-8080-exec-18] org.apache.catalina.core.ApplicationContext.log Manager: list: Listing contexts for virtual host 'localhost'
11-Sep-2023 14:49:00.157 INFO [http-nio-8080-exec-14] org.apache.catalina.core.ApplicationContext.log Manager: stop: Stopping web application '/'
11-Sep-2023 14:49:00.166 INFO [http-nio-8080-exec-24] org.apache.catalina.core.ApplicationContext.log Manager: start: Starting web application '/'
